0 info it worked if it ends with ok
1 verbose cli [ '/usr/local/node/bin/node',
1 verbose cli   '/usr/local/node/bin/npm',
1 verbose cli   'install',
1 verbose cli   'good',
1 verbose cli   '--save' ]
2 info using npm@1.4.28
3 info using node@v0.10.32
4 warn package.json blackjack@1.0.0 No README data
5 verbose readDependencies using package.json deps
6 verbose cache add [ 'good', null ]
7 verbose cache add name=undefined spec="good" args=["good",null]
8 verbose parsed url { protocol: null,
8 verbose parsed url   slashes: null,
8 verbose parsed url   auth: null,
8 verbose parsed url   host: null,
8 verbose parsed url   port: null,
8 verbose parsed url   hostname: null,
8 verbose parsed url   hash: null,
8 verbose parsed url   search: null,
8 verbose parsed url   query: null,
8 verbose parsed url   pathname: 'good',
8 verbose parsed url   path: 'good',
8 verbose parsed url   href: 'good' }
9 silly lockFile fc19318d-good good
10 verbose lock good /Users/Melanie/.npm/fc19318d-good.lock
11 silly lockFile fc19318d-good good
12 silly lockFile fc19318d-good good
13 verbose addNamed [ 'good', '' ]
14 verbose addNamed [ null, '*' ]
15 silly lockFile fae42ed5-good good@
16 verbose lock good@ /Users/Melanie/.npm/fae42ed5-good.lock
17 silly addNameRange { name: 'good', range: '*', hasData: false }
18 verbose request where is /good
19 verbose request registry https://registry.npmjs.org/
20 verbose request id b13262665f408345
21 verbose url raw /good
22 verbose url resolving [ 'https://registry.npmjs.org/', './good' ]
23 verbose url resolved https://registry.npmjs.org/good
24 verbose request where is https://registry.npmjs.org/good
25 info trying registry request attempt 1 at 21:53:25
26 verbose etag "37W1URR58ATLMLXXGD2NZUDVY"
27 http GET https://registry.npmjs.org/good
28 http 304 https://registry.npmjs.org/good
29 silly registry.get cb [ 304,
29 silly registry.get   { date: 'Tue, 25 Nov 2014 03:53:25 GMT',
29 silly registry.get     server: 'Apache',
29 silly registry.get     via: '1.1 varnish',
29 silly registry.get     'last-modified': 'Tue, 25 Nov 2014 03:53:25 GMT',
29 silly registry.get     'cache-control': 'max-age=60',
29 silly registry.get     etag: '"37W1URR58ATLMLXXGD2NZUDVY"',
29 silly registry.get     age: '0',
29 silly registry.get     'x-served-by': 'cache-iad2133-IAD',
29 silly registry.get     'x-cache': 'MISS',
29 silly registry.get     'x-cache-hits': '0',
29 silly registry.get     'x-timer': 'S1416887605.333228,VS0,VE65',
29 silly registry.get     vary: 'Accept',
29 silly registry.get     'content-length': '0',
29 silly registry.get     'keep-alive': 'timeout=10, max=50',
29 silly registry.get     connection: 'Keep-Alive' } ]
30 verbose etag https://registry.npmjs.org/good from cache
31 silly addNameRange number 2 { name: 'good', range: '*', hasData: true }
32 silly addNameRange versions [ 'good',
32 silly addNameRange   [ '0.0.1',
32 silly addNameRange     '0.0.2',
32 silly addNameRange     '0.1.0',
32 silly addNameRange     '0.1.1',
32 silly addNameRange     '0.1.2',
32 silly addNameRange     '0.1.3',
32 silly addNameRange     '0.1.4',
32 silly addNameRange     '0.1.5',
32 silly addNameRange     '0.1.6',
32 silly addNameRange     '0.1.7',
32 silly addNameRange     '0.1.8',
32 silly addNameRange     '0.2.0',
32 silly addNameRange     '0.3.0',
32 silly addNameRange     '0.4.0',
32 silly addNameRange     '0.5.0',
32 silly addNameRange     '0.5.1',
32 silly addNameRange     '0.5.2',
32 silly addNameRange     '0.5.3',
32 silly addNameRange     '0.5.4',
32 silly addNameRange     '0.5.5',
32 silly addNameRange     '0.5.6',
32 silly addNameRange     '0.5.7',
32 silly addNameRange     '0.5.8',
32 silly addNameRange     '0.5.9',
32 silly addNameRange     '0.5.10',
32 silly addNameRange     '0.5.11',
32 silly addNameRange     '0.5.12',
32 silly addNameRange     '0.5.13',
32 silly addNameRange     '0.5.14',
32 silly addNameRange     '0.5.15',
32 silly addNameRange     '0.5.16',
32 silly addNameRange     '0.6.0',
32 silly addNameRange     '0.6.2',
32 silly addNameRange     '0.6.3',
32 silly addNameRange     '0.7.0',
32 silly addNameRange     '0.8.0',
32 silly addNameRange     '0.8.1',
32 silly addNameRange     '0.9.0',
32 silly addNameRange     '0.10.0',
32 silly addNameRange     '0.11.0',
32 silly addNameRange     '0.11.1',
32 silly addNameRange     '0.12.0',
32 silly addNameRange     '0.12.1',
32 silly addNameRange     '0.12.2',
32 silly addNameRange     '0.12.3',
32 silly addNameRange     '1.0.0',
32 silly addNameRange     '2.0.0',
32 silly addNameRange     '2.1.0',
32 silly addNameRange     '2.1.1',
32 silly addNameRange     '2.1.2',
32 silly addNameRange     '2.2.0',
32 silly addNameRange     '2.2.1',
32 silly addNameRange     '2.2.3',
32 silly addNameRange     '2.3.0',
32 silly addNameRange     '3.0.1',
32 silly addNameRange     '3.1.0',
32 silly addNameRange     '2.4.2',
32 silly addNameRange     '2.5.0',
32 silly addNameRange     '3.1.1',
32 silly addNameRange     '4.0.0',
32 silly addNameRange     '2.5.1',
32 silly addNameRange     '4.0.1' ] ]
33 verbose addNamed [ 'good', '4.0.1' ]
34 verbose addNamed [ '4.0.1', '4.0.1' ]
35 silly lockFile b155a733-good-4-0-1 good@4.0.1
36 verbose lock good@4.0.1 /Users/Melanie/.npm/b155a733-good-4-0-1.lock
37 silly lockFile b155a733-good-4-0-1 good@4.0.1
38 silly lockFile b155a733-good-4-0-1 good@4.0.1
39 silly lockFile fae42ed5-good good@
40 silly lockFile fae42ed5-good good@
41 silly resolved [ { name: 'good',
41 silly resolved     description: 'Server and process monitoring plugin',
41 silly resolved     version: '4.0.1',
41 silly resolved     repository: { type: 'git', url: 'git://github.com/hapijs/good' },
41 silly resolved     main: 'index',
41 silly resolved     keywords: [ 'process', 'monitor', 'log', 'report', 'hapi', 'plugin' ],
41 silly resolved     engines: { node: '>=0.10.x' },
41 silly resolved     dependencies:
41 silly resolved      { async: '0.9.x',
41 silly resolved        'good-reporter': '3.x.x',
41 silly resolved        hoek: '2.x.x',
41 silly resolved        joi: '4.x.x',
41 silly resolved        'json-stringify-safe': '5.0.x',
41 silly resolved        moment: '2.8.x' },
41 silly resolved     peerDependencies: { hapi: '>=2.x.x && <= 7.x.x' },
41 silly resolved     devDependencies: { code: '1.x.x', hapi: '6.x.x', lab: '5.x.x' },
41 silly resolved     scripts: { test: 'make test-cov' },
41 silly resolved     licenses: [ [Object] ],
41 silly resolved     contributors: [ [Object], [Object], [Object], [Object] ],
41 silly resolved     gitHead: '1f946433da5a80e3783f7415bdb4abeacf4dd271',
41 silly resolved     bugs: { url: 'https://github.com/hapijs/good/issues' },
41 silly resolved     homepage: 'https://github.com/hapijs/good',
41 silly resolved     _id: 'good@4.0.1',
41 silly resolved     _shasum: '05418bf939b4a15bcc64eaa3aff20d3c7cfcbce5',
41 silly resolved     _from: 'good@',
41 silly resolved     _npmVersion: '1.4.28',
41 silly resolved     _npmUser: { name: 'arb', email: 'arbretz@gmail.com' },
41 silly resolved     maintainers: [ [Object], [Object], [Object], [Object], [Object] ],
41 silly resolved     dist:
41 silly resolved      { shasum: '05418bf939b4a15bcc64eaa3aff20d3c7cfcbce5',
41 silly resolved        tarball: 'http://registry.npmjs.org/good/-/good-4.0.1.tgz' },
41 silly resolved     directories: {},
41 silly resolved     _resolved: 'https://registry.npmjs.org/good/-/good-4.0.1.tgz',
41 silly resolved     readme: 'ERROR: No README data found!' } ]
42 info install good@4.0.1 into /Users/Melanie/Documents/Code/blackjack
43 info installOne good@4.0.1
44 verbose node_modules/good unbuild
45 verbose tar unpack /Users/Melanie/.npm/good/4.0.1/package.tgz
46 silly lockFile 6853b8e8-Code-blackjack-node-modules-good tar:///Users/Melanie/Documents/Code/blackjack/node_modules/good
47 verbose lock tar:///Users/Melanie/Documents/Code/blackjack/node_modules/good /Users/Melanie/.npm/6853b8e8-Code-blackjack-node-modules-good.lock
48 silly lockFile 7972ce84-lanie-npm-good-4-0-1-package-tgz tar:///Users/Melanie/.npm/good/4.0.1/package.tgz
49 verbose lock tar:///Users/Melanie/.npm/good/4.0.1/package.tgz /Users/Melanie/.npm/7972ce84-lanie-npm-good-4-0-1-package-tgz.lock
50 silly gunzTarPerm modes [ '755', '644' ]
51 silly gunzTarPerm extractEntry package.json
52 silly gunzTarPerm extractEntry .npmignore
53 silly gunzTarPerm extractEntry README.md
54 silly gunzTarPerm extractEntry LICENSE
55 silly gunzTarPerm extractEntry __server.js
56 silly gunzTarPerm extractEntry index.js
57 silly gunzTarPerm extractEntry Makefile
58 silly gunzTarPerm extractEntry .travis.yml
59 silly gunzTarPerm extractEntry images/good.png
60 silly gunzTarPerm extractEntry AUTHORS
61 silly gunzTarPerm extractEntry lib/index.js
62 silly gunzTarPerm extractEntry lib/monitor.js
63 silly gunzTarPerm extractEntry lib/network.js
64 silly gunzTarPerm extractEntry lib/process.js
65 silly gunzTarPerm extractEntry lib/schema.js
66 silly gunzTarPerm extractEntry lib/system.js
67 silly gunzTarPerm extractEntry lib/utils.js
68 silly gunzTarPerm extractEntry CONTRIBUTING.md
69 silly gunzTarPerm extractEntry test/index.js
70 silly gunzTarPerm extractEntry test/monitor.js
71 silly gunzTarPerm extractEntry test/network.js
72 silly gunzTarPerm extractEntry test/process.js
73 silly gunzTarPerm extractEntry test/system.js
74 silly gunzTarPerm extractEntry test/utils.js
75 silly gunzTarPerm extractEntry test/fixtures/test_01.log
76 silly gunzTarPerm extractEntry test/fixtures/test_ops.log
77 silly lockFile 6853b8e8-Code-blackjack-node-modules-good tar:///Users/Melanie/Documents/Code/blackjack/node_modules/good
78 silly lockFile 6853b8e8-Code-blackjack-node-modules-good tar:///Users/Melanie/Documents/Code/blackjack/node_modules/good
79 silly lockFile 7972ce84-lanie-npm-good-4-0-1-package-tgz tar:///Users/Melanie/.npm/good/4.0.1/package.tgz
80 silly lockFile 7972ce84-lanie-npm-good-4-0-1-package-tgz tar:///Users/Melanie/.npm/good/4.0.1/package.tgz
81 info preinstall good@4.0.1
82 verbose readDependencies using package.json deps
83 verbose readDependencies using package.json deps
84 verbose cache add [ 'async@0.9.x', null ]
85 verbose cache add name=undefined spec="async@0.9.x" args=["async@0.9.x",null]
86 verbose parsed url { protocol: null,
86 verbose parsed url   slashes: null,
86 verbose parsed url   auth: null,
86 verbose parsed url   host: null,
86 verbose parsed url   port: null,
86 verbose parsed url   hostname: null,
86 verbose parsed url   hash: null,
86 verbose parsed url   search: null,
86 verbose parsed url   query: null,
86 verbose parsed url   pathname: 'async@0.9.x',
86 verbose parsed url   path: 'async@0.9.x',
86 verbose parsed url   href: 'async@0.9.x' }
87 verbose cache add [ 'good-reporter@3.x.x', null ]
88 verbose cache add name=undefined spec="good-reporter@3.x.x" args=["good-reporter@3.x.x",null]
89 verbose parsed url { protocol: null,
89 verbose parsed url   slashes: null,
89 verbose parsed url   auth: null,
89 verbose parsed url   host: null,
89 verbose parsed url   port: null,
89 verbose parsed url   hostname: null,
89 verbose parsed url   hash: null,
89 verbose parsed url   search: null,
89 verbose parsed url   query: null,
89 verbose parsed url   pathname: 'good-reporter@3.x.x',
89 verbose parsed url   path: 'good-reporter@3.x.x',
89 verbose parsed url   href: 'good-reporter@3.x.x' }
90 verbose cache add name="async" spec="0.9.x" args=["async","0.9.x"]
91 verbose parsed url { protocol: null,
91 verbose parsed url   slashes: null,
91 verbose parsed url   auth: null,
91 verbose parsed url   host: null,
91 verbose parsed url   port: null,
91 verbose parsed url   hostname: null,
91 verbose parsed url   hash: null,
91 verbose parsed url   search: null,
91 verbose parsed url   query: null,
91 verbose parsed url   pathname: '0.9.x',
91 verbose parsed url   path: '0.9.x',
91 verbose parsed url   href: '0.9.x' }
92 verbose addNamed [ 'async', '0.9.x' ]
93 verbose addNamed [ null, '>=0.9.0-0 <0.10.0-0' ]
94 silly lockFile bd1fa795-async-0-9-x async@0.9.x
95 verbose lock async@0.9.x /Users/Melanie/.npm/bd1fa795-async-0-9-x.lock
96 verbose cache add name="good-reporter" spec="3.x.x" args=["good-reporter","3.x.x"]
97 verbose parsed url { protocol: null,
97 verbose parsed url   slashes: null,
97 verbose parsed url   auth: null,
97 verbose parsed url   host: null,
97 verbose parsed url   port: null,
97 verbose parsed url   hostname: null,
97 verbose parsed url   hash: null,
97 verbose parsed url   search: null,
97 verbose parsed url   query: null,
97 verbose parsed url   pathname: '3.x.x',
97 verbose parsed url   path: '3.x.x',
97 verbose parsed url   href: '3.x.x' }
98 verbose addNamed [ 'good-reporter', '3.x.x' ]
99 verbose addNamed [ null, '>=3.0.0-0 <4.0.0-0' ]
100 silly lockFile eaf91fb2-good-reporter-3-x-x good-reporter@3.x.x
101 verbose lock good-reporter@3.x.x /Users/Melanie/.npm/eaf91fb2-good-reporter-3-x-x.lock
102 verbose cache add [ 'hoek@2.x.x', null ]
103 verbose cache add name=undefined spec="hoek@2.x.x" args=["hoek@2.x.x",null]
104 verbose parsed url { protocol: null,
104 verbose parsed url   slashes: null,
104 verbose parsed url   auth: null,
104 verbose parsed url   host: null,
104 verbose parsed url   port: null,
104 verbose parsed url   hostname: null,
104 verbose parsed url   hash: null,
104 verbose parsed url   search: null,
104 verbose parsed url   query: null,
104 verbose parsed url   pathname: 'hoek@2.x.x',
104 verbose parsed url   path: 'hoek@2.x.x',
104 verbose parsed url   href: 'hoek@2.x.x' }
105 verbose cache add name="hoek" spec="2.x.x" args=["hoek","2.x.x"]
106 verbose parsed url { protocol: null,
106 verbose parsed url   slashes: null,
106 verbose parsed url   auth: null,
106 verbose parsed url   host: null,
106 verbose parsed url   port: null,
106 verbose parsed url   hostname: null,
106 verbose parsed url   hash: null,
106 verbose parsed url   search: null,
106 verbose parsed url   query: null,
106 verbose parsed url   pathname: '2.x.x',
106 verbose parsed url   path: '2.x.x',
106 verbose parsed url   href: '2.x.x' }
107 verbose addNamed [ 'hoek', '2.x.x' ]
108 verbose addNamed [ null, '>=2.0.0-0 <3.0.0-0' ]
109 silly lockFile 7920b061-hoek-2-x-x hoek@2.x.x
110 verbose lock hoek@2.x.x /Users/Melanie/.npm/7920b061-hoek-2-x-x.lock
111 verbose cache add [ 'json-stringify-safe@5.0.x', null ]
112 verbose cache add name=undefined spec="json-stringify-safe@5.0.x" args=["json-stringify-safe@5.0.x",null]
113 verbose parsed url { protocol: null,
113 verbose parsed url   slashes: null,
113 verbose parsed url   auth: null,
113 verbose parsed url   host: null,
113 verbose parsed url   port: null,
113 verbose parsed url   hostname: null,
113 verbose parsed url   hash: null,
113 verbose parsed url   search: null,
113 verbose parsed url   query: null,
113 verbose parsed url   pathname: 'json-stringify-safe@5.0.x',
113 verbose parsed url   path: 'json-stringify-safe@5.0.x',
113 verbose parsed url   href: 'json-stringify-safe@5.0.x' }
114 silly addNameRange { name: 'async', range: '>=0.9.0-0 <0.10.0-0', hasData: false }
115 silly addNameRange { name: 'good-reporter',
115 silly addNameRange   range: '>=3.0.0-0 <4.0.0-0',
115 silly addNameRange   hasData: false }
116 verbose cache add name="json-stringify-safe" spec="5.0.x" args=["json-stringify-safe","5.0.x"]
117 verbose parsed url { protocol: null,
117 verbose parsed url   slashes: null,
117 verbose parsed url   auth: null,
117 verbose parsed url   host: null,
117 verbose parsed url   port: null,
117 verbose parsed url   hostname: null,
117 verbose parsed url   hash: null,
117 verbose parsed url   search: null,
117 verbose parsed url   query: null,
117 verbose parsed url   pathname: '5.0.x',
117 verbose parsed url   path: '5.0.x',
117 verbose parsed url   href: '5.0.x' }
118 verbose addNamed [ 'json-stringify-safe', '5.0.x' ]
119 verbose addNamed [ null, '>=5.0.0-0 <5.1.0-0' ]
120 silly lockFile b1e661f8-json-stringify-safe-5-0-x json-stringify-safe@5.0.x
121 verbose lock json-stringify-safe@5.0.x /Users/Melanie/.npm/b1e661f8-json-stringify-safe-5-0-x.lock
122 verbose cache add [ 'moment@2.8.x', null ]
123 verbose cache add name=undefined spec="moment@2.8.x" args=["moment@2.8.x",null]
124 verbose parsed url { protocol: null,
124 verbose parsed url   slashes: null,
124 verbose parsed url   auth: null,
124 verbose parsed url   host: null,
124 verbose parsed url   port: null,
124 verbose parsed url   hostname: null,
124 verbose parsed url   hash: null,
124 verbose parsed url   search: null,
124 verbose parsed url   query: null,
124 verbose parsed url   pathname: 'moment@2.8.x',
124 verbose parsed url   path: 'moment@2.8.x',
124 verbose parsed url   href: 'moment@2.8.x' }
125 silly addNameRange { name: 'hoek', range: '>=2.0.0-0 <3.0.0-0', hasData: false }
126 verbose cache add name="moment" spec="2.8.x" args=["moment","2.8.x"]
127 verbose parsed url { protocol: null,
127 verbose parsed url   slashes: null,
127 verbose parsed url   auth: null,
127 verbose parsed url   host: null,
127 verbose parsed url   port: null,
127 verbose parsed url   hostname: null,
127 verbose parsed url   hash: null,
127 verbose parsed url   search: null,
127 verbose parsed url   query: null,
127 verbose parsed url   pathname: '2.8.x',
127 verbose parsed url   path: '2.8.x',
127 verbose parsed url   href: '2.8.x' }
128 verbose addNamed [ 'moment', '2.8.x' ]
129 verbose addNamed [ null, '>=2.8.0-0 <2.9.0-0' ]
130 silly lockFile 3718bc04-moment-2-8-x moment@2.8.x
131 verbose lock moment@2.8.x /Users/Melanie/.npm/3718bc04-moment-2-8-x.lock
132 silly addNameRange { name: 'json-stringify-safe',
132 silly addNameRange   range: '>=5.0.0-0 <5.1.0-0',
132 silly addNameRange   hasData: false }
133 silly addNameRange { name: 'moment', range: '>=2.8.0-0 <2.9.0-0', hasData: false }
134 verbose request where is /async
135 verbose request registry https://registry.npmjs.org/
136 verbose url raw /async
137 verbose url resolving [ 'https://registry.npmjs.org/', './async' ]
138 verbose url resolved https://registry.npmjs.org/async
139 verbose request where is https://registry.npmjs.org/async
140 info trying registry request attempt 1 at 21:53:25
141 verbose etag "5DZ9V7VZTNOSE7YT8AHM9LPN7"
142 http GET https://registry.npmjs.org/async
143 verbose request where is /good-reporter
144 verbose request registry https://registry.npmjs.org/
145 verbose url raw /good-reporter
146 verbose url resolving [ 'https://registry.npmjs.org/', './good-reporter' ]
147 verbose url resolved https://registry.npmjs.org/good-reporter
148 verbose request where is https://registry.npmjs.org/good-reporter
149 info trying registry request attempt 1 at 21:53:25
150 verbose etag "9RNHYMUHTC6R6U5I3ALBPM6WC"
151 http GET https://registry.npmjs.org/good-reporter
152 verbose request where is /hoek
153 verbose request registry https://registry.npmjs.org/
154 verbose url raw /hoek
155 verbose url resolving [ 'https://registry.npmjs.org/', './hoek' ]
156 verbose url resolved https://registry.npmjs.org/hoek
157 verbose request where is https://registry.npmjs.org/hoek
158 info trying registry request attempt 1 at 21:53:25
159 verbose etag "5E0ZD6U5EQGXMLYKPI0OHIJ41"
160 http GET https://registry.npmjs.org/hoek
161 verbose request where is /json-stringify-safe
162 verbose request registry https://registry.npmjs.org/
163 verbose url raw /json-stringify-safe
164 verbose url resolving [ 'https://registry.npmjs.org/', './json-stringify-safe' ]
165 verbose url resolved https://registry.npmjs.org/json-stringify-safe
166 verbose request where is https://registry.npmjs.org/json-stringify-safe
167 info trying registry request attempt 1 at 21:53:25
168 verbose etag "3TA8OJBPQRKU0HN6BC53FJY6Y"
169 http GET https://registry.npmjs.org/json-stringify-safe
170 verbose request where is /moment
171 verbose request registry https://registry.npmjs.org/
172 verbose url raw /moment
173 verbose url resolving [ 'https://registry.npmjs.org/', './moment' ]
174 verbose url resolved https://registry.npmjs.org/moment
175 verbose request where is https://registry.npmjs.org/moment
176 info trying registry request attempt 1 at 21:53:25
177 verbose etag "D0S5V8VXL3C96B2IMBEU9F3AM"
178 http GET https://registry.npmjs.org/moment
179 http 304 https://registry.npmjs.org/async
180 silly registry.get cb [ 304,
180 silly registry.get   { date: 'Tue, 25 Nov 2014 03:53:25 GMT',
180 silly registry.get     server: 'Apache',
180 silly registry.get     via: '1.1 varnish',
180 silly registry.get     'last-modified': 'Tue, 25 Nov 2014 03:53:23 GMT',
180 silly registry.get     'cache-control': 'max-age=60',
180 silly registry.get     etag: '"5DZ9V7VZTNOSE7YT8AHM9LPN7"',
180 silly registry.get     age: '47',
180 silly registry.get     'x-served-by': 'cache-iad2146-IAD',
180 silly registry.get     'x-cache': 'HIT',
180 silly registry.get     'x-cache-hits': '2',
180 silly registry.get     'x-timer': 'S1416887605.600912,VS0,VE0',
180 silly registry.get     vary: 'Accept',
180 silly registry.get     'content-length': '0',
180 silly registry.get     'keep-alive': 'timeout=10, max=50',
180 silly registry.get     connection: 'Keep-Alive' } ]
181 verbose etag https://registry.npmjs.org/async from cache
182 silly addNameRange number 2 { name: 'async', range: '>=0.9.0-0 <0.10.0-0', hasData: true }
183 silly addNameRange versions [ 'async',
183 silly addNameRange   [ '0.1.0',
183 silly addNameRange     '0.1.1',
183 silly addNameRange     '0.1.2',
183 silly addNameRange     '0.1.3',
183 silly addNameRange     '0.1.4',
183 silly addNameRange     '0.1.5',
183 silly addNameRange     '0.1.6',
183 silly addNameRange     '0.1.7',
183 silly addNameRange     '0.1.8',
183 silly addNameRange     '0.1.9',
183 silly addNameRange     '0.1.10',
183 silly addNameRange     '0.1.11',
183 silly addNameRange     '0.1.12',
183 silly addNameRange     '0.1.13',
183 silly addNameRange     '0.1.14',
183 silly addNameRange     '0.1.15',
183 silly addNameRange     '0.1.16',
183 silly addNameRange     '0.1.17',
183 silly addNameRange     '0.1.18',
183 silly addNameRange     '0.1.19',
183 silly addNameRange     '0.1.20',
183 silly addNameRange     '0.1.21',
183 silly addNameRange     '0.1.22',
183 silly addNameRange     '0.2.0',
183 silly addNameRange     '0.2.1',
183 silly addNameRange     '0.2.2',
183 silly addNameRange     '0.2.3',
183 silly addNameRange     '0.2.4',
183 silly addNameRange     '0.2.5',
183 silly addNameRange     '0.2.6',
183 silly addNameRange     '0.2.7',
183 silly addNameRange     '0.2.8',
183 silly addNameRange     '0.2.9',
183 silly addNameRange     '0.2.10',
183 silly addNameRange     '0.3.0',
183 silly addNameRange     '0.4.0',
183 silly addNameRange     '0.4.1',
183 silly addNameRange     '0.5.0',
183 silly addNameRange     '0.6.0',
183 silly addNameRange     '0.6.1',
183 silly addNameRange     '0.6.2',
183 silly addNameRange     '0.7.0',
183 silly addNameRange     '0.8.0',
183 silly addNameRange     '0.9.0' ] ]
184 verbose addNamed [ 'async', '0.9.0' ]
185 verbose addNamed [ '0.9.0', '0.9.0' ]
186 silly lockFile 9a58a886-async-0-9-0 async@0.9.0
187 verbose lock async@0.9.0 /Users/Melanie/.npm/9a58a886-async-0-9-0.lock
188 silly lockFile 9a58a886-async-0-9-0 async@0.9.0
189 silly lockFile 9a58a886-async-0-9-0 async@0.9.0
190 silly lockFile bd1fa795-async-0-9-x async@0.9.x
191 silly lockFile bd1fa795-async-0-9-x async@0.9.x
192 http 304 https://registry.npmjs.org/hoek
193 silly registry.get cb [ 304,
193 silly registry.get   { date: 'Tue, 25 Nov 2014 03:53:25 GMT',
193 silly registry.get     server: 'Apache',
193 silly registry.get     via: '1.1 varnish',
193 silly registry.get     'last-modified': 'Tue, 25 Nov 2014 03:53:25 GMT',
193 silly registry.get     'cache-control': 'max-age=60',
193 silly registry.get     etag: '"5E0ZD6U5EQGXMLYKPI0OHIJ41"',
193 silly registry.get     age: '48',
193 silly registry.get     'x-served-by': 'cache-iad2128-IAD',
193 silly registry.get     'x-cache': 'HIT',
193 silly registry.get     'x-cache-hits': '1',
193 silly registry.get     'x-timer': 'S1416887605.611642,VS0,VE0',
193 silly registry.get     vary: 'Accept',
193 silly registry.get     'content-length': '0',
193 silly registry.get     'keep-alive': 'timeout=10, max=50',
193 silly registry.get     connection: 'Keep-Alive' } ]
194 verbose etag https://registry.npmjs.org/hoek from cache
195 http 304 https://registry.npmjs.org/json-stringify-safe
196 silly registry.get cb [ 304,
196 silly registry.get   { date: 'Tue, 25 Nov 2014 03:53:25 GMT',
196 silly registry.get     server: 'Apache',
196 silly registry.get     via: '1.1 varnish',
196 silly registry.get     'last-modified': 'Tue, 25 Nov 2014 03:53:25 GMT',
196 silly registry.get     'cache-control': 'max-age=60',
196 silly registry.get     etag: '"3TA8OJBPQRKU0HN6BC53FJY6Y"',
196 silly registry.get     age: '34',
196 silly registry.get     'x-served-by': 'cache-iad2148-IAD',
196 silly registry.get     'x-cache': 'HIT',
196 silly registry.get     'x-cache-hits': '1',
196 silly registry.get     'x-timer': 'S1416887605.615557,VS0,VE0',
196 silly registry.get     vary: 'Accept',
196 silly registry.get     'content-length': '0',
196 silly registry.get     'keep-alive': 'timeout=10, max=50',
196 silly registry.get     connection: 'Keep-Alive' } ]
197 verbose etag https://registry.npmjs.org/json-stringify-safe from cache
198 silly addNameRange number 2 { name: 'hoek', range: '>=2.0.0-0 <3.0.0-0', hasData: true }
199 silly addNameRange versions [ 'hoek',
199 silly addNameRange   [ '0.0.1',
199 silly addNameRange     '0.0.2',
199 silly addNameRange     '0.0.3',
199 silly addNameRange     '0.0.4',
199 silly addNameRange     '0.0.5',
199 silly addNameRange     '0.0.6',
199 silly addNameRange     '0.0.7',
199 silly addNameRange     '0.0.8',
199 silly addNameRange     '0.0.9',
199 silly addNameRange     '0.0.10',
199 silly addNameRange     '0.0.11',
199 silly addNameRange     '0.0.12',
199 silly addNameRange     '0.0.13',
199 silly addNameRange     '0.0.14',
199 silly addNameRange     '0.0.15',
199 silly addNameRange     '0.0.16',
199 silly addNameRange     '0.0.17',
199 silly addNameRange     '0.0.18',
199 silly addNameRange     '0.0.19',
199 silly addNameRange     '0.0.21',
199 silly addNameRange     '0.1.0',
199 silly addNameRange     '0.2.0',
199 silly addNameRange     '0.3.0',
199 silly addNameRange     '0.4.0',
199 silly addNameRange     '0.4.1',
199 silly addNameRange     '0.4.2',
199 silly addNameRange     '0.4.3',
199 silly addNameRange     '0.4.4',
199 silly addNameRange     '0.4.5',
199 silly addNameRange     '0.5.0',
199 silly addNameRange     '0.6.0',
199 silly addNameRange     '0.6.1',
199 silly addNameRange     '0.6.2',
199 silly addNameRange     '0.7.0',
199 silly addNameRange     '0.7.1',
199 silly addNameRange     '0.7.2',
199 silly addNameRange     '0.7.3',
199 silly addNameRange     '0.7.4',
199 silly addNameRange     '0.7.5',
199 silly addNameRange     '0.7.6',
199 silly addNameRange     '0.8.0',
199 silly addNameRange     '0.8.1',
199 silly addNameRange     '0.8.2',
199 silly addNameRange     '0.8.3',
199 silly addNameRange     '0.8.4',
199 silly addNameRange     '0.8.5',
199 silly addNameRange     '0.9.0',
199 silly addNameRange     '0.9.1',
199 silly addNameRange     '0.10.0',
199 silly addNameRange     '1.0.0',
199 silly addNameRange     '1.0.1',
199 silly addNameRange     '1.0.2',
199 silly addNameRange     '1.0.3',
199 silly addNameRange     '1.1.0',
199 silly addNameRange     '1.1.1',
199 silly addNameRange     '1.1.2',
199 silly addNameRange     '1.2.0',
199 silly addNameRange     '1.3.0',
199 silly addNameRange     '1.4.0',
199 silly addNameRange     '1.4.1',
199 silly addNameRange     '1.5.0',
199 silly addNameRange     '1.5.1',
199 silly addNameRange     '1.5.2',
199 silly addNameRange     '2.0.0',
199 silly addNameRange     '2.1.0',
199 silly addNameRange     '2.1.1',
199 silly addNameRange     '2.2.0',
199 silly addNameRange     '2.3.0',
199 silly addNameRange     '2.4.0',
199 silly addNameRange     '2.4.1',
199 silly addNameRange     '2.5.0',
199 silly addNameRange     '2.5.1',
199 silly addNameRange     '2.6.0',
199 silly addNameRange     '2.7.0',
199 silly addNameRange     '2.8.0',
199 silly addNameRange     '2.8.1',
199 silly addNameRange     '2.9.0' ] ]
200 verbose addNamed [ 'hoek', '2.9.0' ]
201 verbose addNamed [ '2.9.0', '2.9.0' ]
202 silly lockFile 340daa2d-hoek-2-9-0 hoek@2.9.0
203 verbose lock hoek@2.9.0 /Users/Melanie/.npm/340daa2d-hoek-2-9-0.lock
204 silly addNameRange number 2 { name: 'json-stringify-safe',
204 silly addNameRange   range: '>=5.0.0-0 <5.1.0-0',
204 silly addNameRange   hasData: true }
205 silly addNameRange versions [ 'json-stringify-safe',
205 silly addNameRange   [ '2.0.0', '3.0.0', '4.0.0', '5.0.0' ] ]
206 verbose addNamed [ 'json-stringify-safe', '5.0.0' ]
207 verbose addNamed [ '5.0.0', '5.0.0' ]
208 silly lockFile 1d9ebe76-json-stringify-safe-5-0-0 json-stringify-safe@5.0.0
209 verbose lock json-stringify-safe@5.0.0 /Users/Melanie/.npm/1d9ebe76-json-stringify-safe-5-0-0.lock
210 silly lockFile 340daa2d-hoek-2-9-0 hoek@2.9.0
211 silly lockFile 340daa2d-hoek-2-9-0 hoek@2.9.0
212 silly lockFile 7920b061-hoek-2-x-x hoek@2.x.x
213 silly lockFile 7920b061-hoek-2-x-x hoek@2.x.x
214 silly lockFile 1d9ebe76-json-stringify-safe-5-0-0 json-stringify-safe@5.0.0
215 silly lockFile 1d9ebe76-json-stringify-safe-5-0-0 json-stringify-safe@5.0.0
216 silly lockFile b1e661f8-json-stringify-safe-5-0-x json-stringify-safe@5.0.x
217 silly lockFile b1e661f8-json-stringify-safe-5-0-x json-stringify-safe@5.0.x
218 http 304 https://registry.npmjs.org/good-reporter
219 silly registry.get cb [ 304,
219 silly registry.get   { date: 'Tue, 25 Nov 2014 03:53:25 GMT',
219 silly registry.get     server: 'Apache',
219 silly registry.get     via: '1.1 varnish',
219 silly registry.get     'last-modified': 'Tue, 25 Nov 2014 03:53:25 GMT',
219 silly registry.get     'cache-control': 'max-age=60',
219 silly registry.get     etag: '"9RNHYMUHTC6R6U5I3ALBPM6WC"',
219 silly registry.get     age: '0',
219 silly registry.get     'x-served-by': 'cache-iad2129-IAD',
219 silly registry.get     'x-cache': 'MISS',
219 silly registry.get     'x-cache-hits': '0',
219 silly registry.get     'x-timer': 'S1416887605.607772,VS0,VE18',
219 silly registry.get     vary: 'Accept',
219 silly registry.get     'content-length': '0',
219 silly registry.get     'keep-alive': 'timeout=10, max=50',
219 silly registry.get     connection: 'Keep-Alive' } ]
220 verbose etag https://registry.npmjs.org/good-reporter from cache
221 silly addNameRange number 2 { name: 'good-reporter',
221 silly addNameRange   range: '>=3.0.0-0 <4.0.0-0',
221 silly addNameRange   hasData: true }
222 silly addNameRange versions [ 'good-reporter',
222 silly addNameRange   [ '0.0.1', '0.0.2', '1.0.1', '2.0.0', '3.0.0', '3.0.1' ] ]
223 verbose addNamed [ 'good-reporter', '3.0.1' ]
224 verbose addNamed [ '3.0.1', '3.0.1' ]
225 silly lockFile 496fff7e-good-reporter-3-0-1 good-reporter@3.0.1
226 verbose lock good-reporter@3.0.1 /Users/Melanie/.npm/496fff7e-good-reporter-3-0-1.lock
227 http 304 https://registry.npmjs.org/moment
228 silly registry.get cb [ 304,
228 silly registry.get   { date: 'Tue, 25 Nov 2014 03:53:25 GMT',
228 silly registry.get     server: 'Apache',
228 silly registry.get     via: '1.1 varnish',
228 silly registry.get     'last-modified': 'Tue, 25 Nov 2014 03:53:25 GMT',
228 silly registry.get     'cache-control': 'max-age=60',
228 silly registry.get     etag: '"D0S5V8VXL3C96B2IMBEU9F3AM"',
228 silly registry.get     age: '0',
228 silly registry.get     'x-served-by': 'cache-iad2131-IAD',
228 silly registry.get     'x-cache': 'HIT',
228 silly registry.get     'x-cache-hits': '1',
228 silly registry.get     'x-timer': 'S1416887605.615378,VS0,VE14',
228 silly registry.get     vary: 'Accept',
228 silly registry.get     'content-length': '0',
228 silly registry.get     'keep-alive': 'timeout=10, max=50',
228 silly registry.get     connection: 'Keep-Alive' } ]
229 verbose etag https://registry.npmjs.org/moment from cache
230 silly lockFile 496fff7e-good-reporter-3-0-1 good-reporter@3.0.1
231 silly lockFile 496fff7e-good-reporter-3-0-1 good-reporter@3.0.1
232 silly lockFile eaf91fb2-good-reporter-3-x-x good-reporter@3.x.x
233 silly lockFile eaf91fb2-good-reporter-3-x-x good-reporter@3.x.x
234 silly addNameRange number 2 { name: 'moment', range: '>=2.8.0-0 <2.9.0-0', hasData: true }
235 silly addNameRange versions [ 'moment',
235 silly addNameRange   [ '1.0.0',
235 silly addNameRange     '1.0.1',
235 silly addNameRange     '1.1.0',
235 silly addNameRange     '1.1.1',
235 silly addNameRange     '1.2.0',
235 silly addNameRange     '1.3.0',
235 silly addNameRange     '1.4.0',
235 silly addNameRange     '1.5.0',
235 silly addNameRange     '1.5.1',
235 silly addNameRange     '1.6.0',
235 silly addNameRange     '1.6.1',
235 silly addNameRange     '1.6.2',
235 silly addNameRange     '1.7.0',
235 silly addNameRange     '1.7.1',
235 silly addNameRange     '1.7.2',
235 silly addNameRange     '2.0.0',
235 silly addNameRange     '2.1.0',
235 silly addNameRange     '2.2.1',
235 silly addNameRange     '2.3.0',
235 silly addNameRange     '2.3.1',
235 silly addNameRange     '2.4.0',
235 silly addNameRange     '2.5.0',
235 silly addNameRange     '2.5.1',
235 silly addNameRange     '2.6.0',
235 silly addNameRange     '2.7.0',
235 silly addNameRange     '2.8.1',
235 silly addNameRange     '2.8.2',
235 silly addNameRange     '2.8.3',
235 silly addNameRange     '2.8.4' ] ]
236 verbose addNamed [ 'moment', '2.8.4' ]
237 verbose addNamed [ '2.8.4', '2.8.4' ]
238 silly lockFile 978b0398-moment-2-8-4 moment@2.8.4
239 verbose lock moment@2.8.4 /Users/Melanie/.npm/978b0398-moment-2-8-4.lock
240 silly lockFile 978b0398-moment-2-8-4 moment@2.8.4
241 silly lockFile 978b0398-moment-2-8-4 moment@2.8.4
242 silly lockFile 3718bc04-moment-2-8-x moment@2.8.x
243 silly lockFile 3718bc04-moment-2-8-x moment@2.8.x
244 silly resolved [ { name: 'async',
244 silly resolved     description: 'Higher-order functions and common patterns for asynchronous code',
244 silly resolved     main: './lib/async',
244 silly resolved     author: { name: 'Caolan McMahon' },
244 silly resolved     version: '0.9.0',
244 silly resolved     repository: { type: 'git', url: 'https://github.com/caolan/async.git' },
244 silly resolved     bugs: { url: 'https://github.com/caolan/async/issues' },
244 silly resolved     licenses: [ [Object] ],
244 silly resolved     devDependencies: { nodeunit: '>0.0.0', 'uglify-js': '1.2.x', nodelint: '>0.0.0' },
244 silly resolved     jam: { main: 'lib/async.js', include: [Object] },
244 silly resolved     scripts: { test: 'nodeunit test/test-async.js' },
244 silly resolved     homepage: 'https://github.com/caolan/async',
244 silly resolved     _id: 'async@0.9.0',
244 silly resolved     dist:
244 silly resolved      { shasum: 'ac3613b1da9bed1b47510bb4651b8931e47146c7',
244 silly resolved        tarball: 'http://registry.npmjs.org/async/-/async-0.9.0.tgz' },
244 silly resolved     _from: 'async@0.9.x',
244 silly resolved     _npmVersion: '1.4.3',
244 silly resolved     _npmUser: { name: 'caolan', email: 'caolan.mcmahon@gmail.com' },
244 silly resolved     maintainers: [ [Object] ],
244 silly resolved     directories: {},
244 silly resolved     _shasum: 'ac3613b1da9bed1b47510bb4651b8931e47146c7',
244 silly resolved     _resolved: 'https://registry.npmjs.org/async/-/async-0.9.0.tgz',
244 silly resolved     readme: 'ERROR: No README data found!' },
244 silly resolved   { name: 'hoek',
244 silly resolved     description: 'General purpose node utilities',
244 silly resolved     version: '2.9.0',
244 silly resolved     repository: { type: 'git', url: 'git://github.com/hapijs/hoek' },
244 silly resolved     main: 'index',
244 silly resolved     keywords: [ 'utilities' ],
244 silly resolved     engines: { node: '>=0.8.0' },
244 silly resolved     dependencies: {},
244 silly resolved     devDependencies: { lab: '4.x.x' },
244 silly resolved     scripts: { test: 'make test-cov' },
244 silly resolved     licenses: [ [Object] ],
244 silly resolved     gitHead: 'e0475764d819a7b9630a6ab47425b0ad64299a38',
244 silly resolved     bugs: { url: 'https://github.com/hapijs/hoek/issues' },
244 silly resolved     homepage: 'https://github.com/hapijs/hoek',
244 silly resolved     _id: 'hoek@2.9.0',
244 silly resolved     _shasum: 'dc3d5011c68084d29869d4499183bf8e9afb9ddd',
244 silly resolved     _from: 'hoek@2.x.x',
244 silly resolved     _npmVersion: '2.1.6',
244 silly resolved     _nodeVersion: '0.10.32',
244 silly resolved     _npmUser: { name: 'nlf', email: 'quitlahok@gmail.com' },
244 silly resolved     maintainers: [ [Object], [Object], [Object] ],
244 silly resolved     dist:
244 silly resolved      { shasum: 'dc3d5011c68084d29869d4499183bf8e9afb9ddd',
244 silly resolved        tarball: 'http://registry.npmjs.org/hoek/-/hoek-2.9.0.tgz' },
244 silly resolved     directories: {},
244 silly resolved     _resolved: 'https://registry.npmjs.org/hoek/-/hoek-2.9.0.tgz',
244 silly resolved     readme: 'ERROR: No README data found!' },
244 silly resolved   { name: 'json-stringify-safe',
244 silly resolved     version: '5.0.0',
244 silly resolved     description: 'Like JSON.stringify, but doesn\'t blow up on circular refs',
244 silly resolved     main: 'stringify.js',
244 silly resolved     scripts: { test: 'node test.js' },
244 silly resolved     repository:
244 silly resolved      { type: 'git',
244 silly resolved        url: 'git://github.com/isaacs/json-stringify-safe' },
244 silly resolved     keywords: [ 'json', 'stringify', 'circular', 'safe' ],
244 silly resolved     author:
244 silly resolved      { name: 'Isaac Z. Schlueter',
244 silly resolved        email: 'i@izs.me',
244 silly resolved        url: 'http://blog.izs.me' },
244 silly resolved     license: 'BSD',
244 silly resolved     bugs: { url: 'https://github.com/isaacs/json-stringify-safe/issues' },
244 silly resolved     _id: 'json-stringify-safe@5.0.0',
244 silly resolved     dist:
244 silly resolved      { shasum: '4c1f228b5050837eba9d21f50c2e6e320624566e',
244 silly resolved        tarball: 'http://registry.npmjs.org/json-stringify-safe/-/json-stringify-safe-5.0.0.tgz' },
244 silly resolved     _from: 'json-stringify-safe@5.0.x',
244 silly resolved     _npmVersion: '1.3.6',
244 silly resolved     _npmUser: { name: 'isaacs', email: 'i@izs.me' },
244 silly resolved     maintainers: [ [Object] ],
244 silly resolved     directories: {},
244 silly resolved     _shasum: '4c1f228b5050837eba9d21f50c2e6e320624566e',
244 silly resolved     _resolved: 'https://registry.npmjs.org/json-stringify-safe/-/json-stringify-safe-5.0.0.tgz',
244 silly resolved     readme: 'ERROR: No README data found!',
244 silly resolved     homepage: 'https://github.com/isaacs/json-stringify-safe' },
244 silly resolved   { name: 'good-reporter',
244 silly resolved     version: '3.0.1',
244 silly resolved     repository: { type: 'git', url: 'git://github.com/hapijs/good-reporter' },
244 silly resolved     description: 'Good reporter interface',
244 silly resolved     main: 'index.js',
244 silly resolved     scripts: { test: 'make test-cov' },
244 silly resolved     dependencies: { hoek: '2.x.x' },
244 silly resolved     devDependencies: { code: '1.x.x', lab: '5.x.x' },
244 silly resolved     engines: { node: '>=0.10.x' },
244 silly resolved     licenses: [ [Object] ],
244 silly resolved     gitHead: '82623a1c8627de733760da63e30bfc7eb553299c',
244 silly resolved     bugs: { url: 'https://github.com/hapijs/good-reporter/issues' },
244 silly resolved     homepage: 'https://github.com/hapijs/good-reporter',
244 silly resolved     _id: 'good-reporter@3.0.1',
244 silly resolved     _shasum: 'e0d3e4dc656a59d204eaeab6bb1d86e57852cf2e',
244 silly resolved     _from: 'good-reporter@3.x.x',
244 silly resolved     _npmVersion: '1.4.28',
244 silly resolved     _npmUser: { name: 'arb', email: 'arbretz@gmail.com' },
244 silly resolved     maintainers: [ [Object], [Object] ],
244 silly resolved     dist:
244 silly resolved      { shasum: 'e0d3e4dc656a59d204eaeab6bb1d86e57852cf2e',
244 silly resolved        tarball: 'http://registry.npmjs.org/good-reporter/-/good-reporter-3.0.1.tgz' },
244 silly resolved     directories: {},
244 silly resolved     _resolved: 'https://registry.npmjs.org/good-reporter/-/good-reporter-3.0.1.tgz',
244 silly resolved     readme: 'ERROR: No README data found!' },
244 silly resolved   { name: 'moment',
244 silly resolved     version: '2.8.4',
244 silly resolved     description: 'Parse, manipulate, and display dates.',
244 silly resolved     homepage: 'http://momentjs.com',
244 silly resolved     author:
244 silly resolved      { name: 'Iskren Ivov Chernev',
244 silly resolved        email: 'iskren.chernev@gmail.com',
244 silly resolved        url: 'https://github.com/ichernev' },
244 silly resolved     contributors: [ [Object], [Object], [Object], [Object], [Object] ],
244 silly resolved     keywords:
244 silly resolved      [ 'moment',
244 silly resolved        'date',
244 silly resolved        'time',
244 silly resolved        'parse',
244 silly resolved        'format',
244 silly resolved        'validate',
244 silly resolved        'i18n',
244 silly resolved        'l10n',
244 silly resolved        'ender' ],
244 silly resolved     main: './moment.js',
244 silly resolved     engines: { node: '*' },
244 silly resolved     repository: { type: 'git', url: 'https://github.com/moment/moment.git' },
244 silly resolved     bugs: { url: 'https://github.com/moment/moment/issues' },
244 silly resolved     licenses: [ [Object] ],
244 silly resolved     devDependencies:
244 silly resolved      { 'uglify-js': 'latest',
244 silly resolved        grunt: 'latest',
244 silly resolved        nodeunit: 'latest',
244 silly resolved        benchmark: 'latest',
244 silly resolved        'grunt-contrib-jshint': 'latest',
244 silly resolved        'grunt-contrib-nodeunit': 'latest',
244 silly resolved        'grunt-contrib-concat': 'latest',
244 silly resolved        'grunt-contrib-uglify': 'latest',
244 silly resolved        'grunt-contrib-watch': 'latest',
244 silly resolved        'grunt-env': 'latest',
244 silly resolved        'grunt-jscs': '0.7.1',
244 silly resolved        'grunt-karma': 'latest',
244 silly resolved        'grunt-benchmark': 'latest',
244 silly resolved        'grunt-string-replace': 'latest',
244 silly resolved        'load-grunt-tasks': 'latest',
244 silly resolved        karma: 'latest',
244 silly resolved        'karma-chrome-launcher': 'latest',
244 silly resolved        'karma-firefox-launcher': 'latest',
244 silly resolved        'karma-nodeunit': 'latest',
244 silly resolved        'karma-sauce-launcher': 'latest' },
244 silly resolved     scripts: { test: 'grunt test:node' },
244 silly resolved     ender: './ender.js',
244 silly resolved     dojoBuild: 'package.js',
244 silly resolved     jspm: { files: [Object], map: [Object], buildConfig: [Object] },
244 silly resolved     spm: { main: 'moment.js', output: [Object] },
244 silly resolved     _id: 'moment@2.8.4',
244 silly resolved     dist:
244 silly resolved      { shasum: 'cc174aabb19223efff5699a9467805a2789838bf',
244 silly resolved        tarball: 'http://registry.npmjs.org/moment/-/moment-2.8.4.tgz' },
244 silly resolved     _from: 'moment@2.8.x',
244 silly resolved     _npmVersion: '1.4.6',
244 silly resolved     _npmUser: { name: 'ichernev', email: 'iskren.chernev@gmail.com' },
244 silly resolved     maintainers: [ [Object], [Object] ],
244 silly resolved     directories: {},
244 silly resolved     _shasum: 'cc174aabb19223efff5699a9467805a2789838bf',
244 silly resolved     _resolved: 'https://registry.npmjs.org/moment/-/moment-2.8.4.tgz',
244 silly resolved     readme: 'ERROR: No README data found!' } ]
245 info install async@0.9.0 into /Users/Melanie/Documents/Code/blackjack/node_modules/good
246 info install hoek@2.9.0 into /Users/Melanie/Documents/Code/blackjack/node_modules/good
247 info install json-stringify-safe@5.0.0 into /Users/Melanie/Documents/Code/blackjack/node_modules/good
248 info install good-reporter@3.0.1 into /Users/Melanie/Documents/Code/blackjack/node_modules/good
249 info install moment@2.8.4 into /Users/Melanie/Documents/Code/blackjack/node_modules/good
250 info installOne async@0.9.0
251 info installOne hoek@2.9.0
252 info installOne json-stringify-safe@5.0.0
253 info installOne good-reporter@3.0.1
254 info installOne moment@2.8.4
255 verbose node_modules/good/node_modules/async unbuild
256 verbose node_modules/good/node_modules/hoek unbuild
257 verbose node_modules/good/node_modules/json-stringify-safe unbuild
258 verbose node_modules/good/node_modules/good-reporter unbuild
259 verbose node_modules/good/node_modules/moment unbuild
260 verbose tar unpack /Users/Melanie/.npm/async/0.9.0/package.tgz
261 silly lockFile 6bbd6416--modules-good-node-modules-async tar:///Users/Melanie/Documents/Code/blackjack/node_modules/good/node_modules/async
262 verbose lock tar:///Users/Melanie/Documents/Code/blackjack/node_modules/good/node_modules/async /Users/Melanie/.npm/6bbd6416--modules-good-node-modules-async.lock
263 silly lockFile b714149b-anie-npm-async-0-9-0-package-tgz tar:///Users/Melanie/.npm/async/0.9.0/package.tgz
264 verbose lock tar:///Users/Melanie/.npm/async/0.9.0/package.tgz /Users/Melanie/.npm/b714149b-anie-npm-async-0-9-0-package-tgz.lock
265 verbose tar unpack /Users/Melanie/.npm/hoek/2.9.0/package.tgz
266 silly lockFile f6e13059-e-modules-good-node-modules-hoek tar:///Users/Melanie/Documents/Code/blackjack/node_modules/good/node_modules/hoek
267 verbose lock tar:///Users/Melanie/Documents/Code/blackjack/node_modules/good/node_modules/hoek /Users/Melanie/.npm/f6e13059-e-modules-good-node-modules-hoek.lock
268 silly lockFile 5f64f67b-lanie-npm-hoek-2-9-0-package-tgz tar:///Users/Melanie/.npm/hoek/2.9.0/package.tgz
269 verbose lock tar:///Users/Melanie/.npm/hoek/2.9.0/package.tgz /Users/Melanie/.npm/5f64f67b-lanie-npm-hoek-2-9-0-package-tgz.lock
270 verbose tar unpack /Users/Melanie/.npm/json-stringify-safe/5.0.0/package.tgz
271 silly lockFile 7f45414e-node-modules-json-stringify-safe tar:///Users/Melanie/Documents/Code/blackjack/node_modules/good/node_modules/json-stringify-safe
272 verbose lock tar:///Users/Melanie/Documents/Code/blackjack/node_modules/good/node_modules/json-stringify-safe /Users/Melanie/.npm/7f45414e-node-modules-json-stringify-safe.lock
273 silly lockFile 161e14de-stringify-safe-5-0-0-package-tgz tar:///Users/Melanie/.npm/json-stringify-safe/5.0.0/package.tgz
274 verbose lock tar:///Users/Melanie/.npm/json-stringify-safe/5.0.0/package.tgz /Users/Melanie/.npm/161e14de-stringify-safe-5-0-0-package-tgz.lock
275 verbose tar unpack /Users/Melanie/.npm/good-reporter/3.0.1/package.tgz
276 silly lockFile 01d7e040--good-node-modules-good-reporter tar:///Users/Melanie/Documents/Code/blackjack/node_modules/good/node_modules/good-reporter
277 verbose lock tar:///Users/Melanie/Documents/Code/blackjack/node_modules/good/node_modules/good-reporter /Users/Melanie/.npm/01d7e040--good-node-modules-good-reporter.lock
278 silly lockFile fc2e5440--good-reporter-3-0-1-package-tgz tar:///Users/Melanie/.npm/good-reporter/3.0.1/package.tgz
279 verbose lock tar:///Users/Melanie/.npm/good-reporter/3.0.1/package.tgz /Users/Melanie/.npm/fc2e5440--good-reporter-3-0-1-package-tgz.lock
280 verbose tar unpack /Users/Melanie/.npm/moment/2.8.4/package.tgz
281 silly lockFile 2b96bb11-modules-good-node-modules-moment tar:///Users/Melanie/Documents/Code/blackjack/node_modules/good/node_modules/moment
282 verbose lock tar:///Users/Melanie/Documents/Code/blackjack/node_modules/good/node_modules/moment /Users/Melanie/.npm/2b96bb11-modules-good-node-modules-moment.lock
283 silly lockFile db47dc9c-nie-npm-moment-2-8-4-package-tgz tar:///Users/Melanie/.npm/moment/2.8.4/package.tgz
284 verbose lock tar:///Users/Melanie/.npm/moment/2.8.4/package.tgz /Users/Melanie/.npm/db47dc9c-nie-npm-moment-2-8-4-package-tgz.lock
285 silly gunzTarPerm modes [ '755', '644' ]
286 silly gunzTarPerm modes [ '755', '644' ]
287 silly gunzTarPerm modes [ '755', '644' ]
288 silly gunzTarPerm modes [ '755', '644' ]
289 silly gunzTarPerm modes [ '755', '644' ]
290 silly gunzTarPerm extractEntry package.json
291 silly gunzTarPerm extractEntry package.json
292 silly gunzTarPerm extractEntry package.json
293 silly gunzTarPerm extractEntry package.json
294 silly gunzTarPerm extractEntry package.json
295 silly gunzTarPerm extractEntry README.md
296 silly gunzTarPerm extractEntry LICENSE
297 silly gunzTarPerm extractEntry .travis.yml
298 silly gunzTarPerm extractEntry component.json
299 silly gunzTarPerm extractEntry lib/async.js
300 silly gunzTarPerm extractEntry .npmignore
301 silly gunzTarPerm extractEntry README.md
302 silly gunzTarPerm extractEntry .npmignore
303 silly gunzTarPerm extractEntry README.md
304 silly gunzTarPerm extractEntry README.md
305 silly gunzTarPerm extractEntry LICENSE
306 silly gunzTarPerm extractEntry README.md
307 silly gunzTarPerm extractEntry LICENSE
308 silly gunzTarPerm extractEntry LICENSE
309 silly gunzTarPerm extractEntry stringify.js
310 silly gunzTarPerm extractEntry test.js
311 silly gunzTarPerm extractEntry LICENSE
312 silly gunzTarPerm extractEntry bug.js
313 silly gunzTarPerm extractEntry ender.js
314 silly gunzTarPerm extractEntry moment.js
315 silly gunzTarPerm extractEntry index.js
316 silly gunzTarPerm extractEntry Makefile
317 silly gunzTarPerm extractEntry index.js
318 silly gunzTarPerm extractEntry .travis.yml
319 silly gunzTarPerm extractEntry package.js
320 silly gunzTarPerm extractEntry locale/af.js
321 silly gunzTarPerm extractEntry locale/hu.js
322 silly gunzTarPerm extractEntry lib/index.js
323 silly gunzTarPerm extractEntry Makefile
324 silly gunzTarPerm extractEntry test/index.js
325 silly gunzTarPerm extractEntry locale/hy-am.js
326 silly gunzTarPerm extractEntry locale/id.js
327 silly gunzTarPerm extractEntry locale/is.js
328 silly gunzTarPerm extractEntry .travis.yml
329 silly gunzTarPerm extractEntry images/hoek.png
330 silly lockFile 7f45414e-node-modules-json-stringify-safe tar:///Users/Melanie/Documents/Code/blackjack/node_modules/good/node_modules/json-stringify-safe
331 silly lockFile 7f45414e-node-modules-json-stringify-safe tar:///Users/Melanie/Documents/Code/blackjack/node_modules/good/node_modules/json-stringify-safe
332 silly lockFile 161e14de-stringify-safe-5-0-0-package-tgz tar:///Users/Melanie/.npm/json-stringify-safe/5.0.0/package.tgz
333 silly lockFile 161e14de-stringify-safe-5-0-0-package-tgz tar:///Users/Melanie/.npm/json-stringify-safe/5.0.0/package.tgz
334 info preinstall json-stringify-safe@5.0.0
335 silly gunzTarPerm extractEntry CONTRIBUTING.md
336 silly gunzTarPerm extractEntry lib/escape.js
337 verbose readDependencies using package.json deps
338 verbose readDependencies using package.json deps
339 silly resolved []
340 verbose about to build /Users/Melanie/Documents/Code/blackjack/node_modules/good/node_modules/json-stringify-safe
341 info build /Users/Melanie/Documents/Code/blackjack/node_modules/good/node_modules/json-stringify-safe
342 verbose linkStuff [ false,
342 verbose linkStuff   false,
342 verbose linkStuff   false,
342 verbose linkStuff   '/Users/Melanie/Documents/Code/blackjack/node_modules/good/node_modules' ]
343 info linkStuff json-stringify-safe@5.0.0
344 verbose linkBins json-stringify-safe@5.0.0
345 verbose linkMans json-stringify-safe@5.0.0
346 verbose rebuildBundles json-stringify-safe@5.0.0
347 info install json-stringify-safe@5.0.0
348 info postinstall json-stringify-safe@5.0.0
349 silly gunzTarPerm extractEntry lib/index.js
350 silly gunzTarPerm extractEntry test/escaper.js
351 silly gunzTarPerm extractEntry locale/hr.js
352 silly gunzTarPerm extractEntry test/index.js
353 silly gunzTarPerm extractEntry test/modules/test1.js
354 silly gunzTarPerm extractEntry test/modules/test2.js
355 silly gunzTarPerm extractEntry test/modules/test3.js
356 silly gunzTarPerm extractEntry test/modules/ignore.txt
357 silly gunzTarPerm extractEntry locale/ja.js
358 silly lockFile 01d7e040--good-node-modules-good-reporter tar:///Users/Melanie/Documents/Code/blackjack/node_modules/good/node_modules/good-reporter
359 silly lockFile 01d7e040--good-node-modules-good-reporter tar:///Users/Melanie/Documents/Code/blackjack/node_modules/good/node_modules/good-reporter
360 silly lockFile fc2e5440--good-reporter-3-0-1-package-tgz tar:///Users/Melanie/.npm/good-reporter/3.0.1/package.tgz
361 silly lockFile fc2e5440--good-reporter-3-0-1-package-tgz tar:///Users/Melanie/.npm/good-reporter/3.0.1/package.tgz
362 info preinstall good-reporter@3.0.1
363 silly gunzTarPerm extractEntry locale/ka.js
364 verbose readDependencies using package.json deps
365 verbose readDependencies using package.json deps
366 silly resolved []
367 verbose about to build /Users/Melanie/Documents/Code/blackjack/node_modules/good/node_modules/good-reporter
368 info build /Users/Melanie/Documents/Code/blackjack/node_modules/good/node_modules/good-reporter
369 verbose linkStuff [ false,
369 verbose linkStuff   false,
369 verbose linkStuff   false,
369 verbose linkStuff   '/Users/Melanie/Documents/Code/blackjack/node_modules/good/node_modules' ]
370 info linkStuff good-reporter@3.0.1
371 verbose linkBins good-reporter@3.0.1
372 verbose linkMans good-reporter@3.0.1
373 verbose rebuildBundles good-reporter@3.0.1
374 info install good-reporter@3.0.1
375 info postinstall good-reporter@3.0.1
376 silly gunzTarPerm extractEntry locale/km.js
377 silly gunzTarPerm extractEntry locale/ko.js
378 silly lockFile 6bbd6416--modules-good-node-modules-async tar:///Users/Melanie/Documents/Code/blackjack/node_modules/good/node_modules/async
379 silly lockFile 6bbd6416--modules-good-node-modules-async tar:///Users/Melanie/Documents/Code/blackjack/node_modules/good/node_modules/async
380 silly lockFile b714149b-anie-npm-async-0-9-0-package-tgz tar:///Users/Melanie/.npm/async/0.9.0/package.tgz
381 silly lockFile b714149b-anie-npm-async-0-9-0-package-tgz tar:///Users/Melanie/.npm/async/0.9.0/package.tgz
382 silly gunzTarPerm extractEntry locale/lb.js
383 silly gunzTarPerm extractEntry locale/hi.js
384 info preinstall async@0.9.0
385 verbose readDependencies using package.json deps
386 silly gunzTarPerm extractEntry locale/lt.js
387 silly gunzTarPerm extractEntry locale/he.js
388 verbose readDependencies using package.json deps
389 silly resolved []
390 verbose about to build /Users/Melanie/Documents/Code/blackjack/node_modules/good/node_modules/async
391 info build /Users/Melanie/Documents/Code/blackjack/node_modules/good/node_modules/async
392 verbose linkStuff [ false,
392 verbose linkStuff   false,
392 verbose linkStuff   false,
392 verbose linkStuff   '/Users/Melanie/Documents/Code/blackjack/node_modules/good/node_modules' ]
393 info linkStuff async@0.9.0
394 verbose linkBins async@0.9.0
395 verbose linkMans async@0.9.0
396 verbose rebuildBundles async@0.9.0
397 info install async@0.9.0
398 info postinstall async@0.9.0
399 silly gunzTarPerm extractEntry locale/lv.js
400 silly gunzTarPerm extractEntry locale/gl.js
401 silly gunzTarPerm extractEntry locale/mk.js
402 silly gunzTarPerm extractEntry locale/fr.js
403 silly gunzTarPerm extractEntry locale/ml.js
404 silly gunzTarPerm extractEntry locale/fr-ca.js
405 silly gunzTarPerm extractEntry locale/mr.js
406 silly gunzTarPerm extractEntry locale/fo.js
407 silly gunzTarPerm extractEntry locale/ms-my.js
408 silly gunzTarPerm extractEntry locale/fi.js
409 silly gunzTarPerm extractEntry locale/my.js
410 silly gunzTarPerm extractEntry locale/fa.js
411 silly gunzTarPerm extractEntry locale/nb.js
412 silly gunzTarPerm extractEntry locale/eu.js
413 silly gunzTarPerm extractEntry locale/ne.js
414 silly gunzTarPerm extractEntry locale/et.js
415 silly gunzTarPerm extractEntry locale/nl.js
416 silly gunzTarPerm extractEntry locale/es.js
417 silly gunzTarPerm extractEntry locale/nn.js
418 silly gunzTarPerm extractEntry locale/eo.js
419 silly lockFile f6e13059-e-modules-good-node-modules-hoek tar:///Users/Melanie/Documents/Code/blackjack/node_modules/good/node_modules/hoek
420 silly lockFile f6e13059-e-modules-good-node-modules-hoek tar:///Users/Melanie/Documents/Code/blackjack/node_modules/good/node_modules/hoek
421 silly lockFile 5f64f67b-lanie-npm-hoek-2-9-0-package-tgz tar:///Users/Melanie/.npm/hoek/2.9.0/package.tgz
422 silly lockFile 5f64f67b-lanie-npm-hoek-2-9-0-package-tgz tar:///Users/Melanie/.npm/hoek/2.9.0/package.tgz
423 info preinstall hoek@2.9.0
424 silly gunzTarPerm extractEntry locale/pl.js
425 silly gunzTarPerm extractEntry locale/en-gb.js
426 verbose readDependencies using package.json deps
427 verbose readDependencies using package.json deps
428 silly resolved []
429 verbose about to build /Users/Melanie/Documents/Code/blackjack/node_modules/good/node_modules/hoek
430 info build /Users/Melanie/Documents/Code/blackjack/node_modules/good/node_modules/hoek
431 verbose linkStuff [ false,
431 verbose linkStuff   false,
431 verbose linkStuff   false,
431 verbose linkStuff   '/Users/Melanie/Documents/Code/blackjack/node_modules/good/node_modules' ]
432 info linkStuff hoek@2.9.0
433 verbose linkBins hoek@2.9.0
434 verbose linkMans hoek@2.9.0
435 verbose rebuildBundles hoek@2.9.0
436 info install hoek@2.9.0
437 info postinstall hoek@2.9.0
438 silly gunzTarPerm extractEntry locale/pt-br.js
439 silly gunzTarPerm extractEntry locale/en-ca.js
440 silly gunzTarPerm extractEntry locale/pt.js
441 silly gunzTarPerm extractEntry locale/en-au.js
442 silly gunzTarPerm extractEntry locale/ro.js
443 silly gunzTarPerm extractEntry locale/el.js
444 silly gunzTarPerm extractEntry locale/ru.js
445 silly gunzTarPerm extractEntry locale/de.js
446 silly gunzTarPerm extractEntry locale/sk.js
447 silly gunzTarPerm extractEntry locale/de-at.js
448 silly gunzTarPerm extractEntry locale/sl.js
449 silly gunzTarPerm extractEntry locale/da.js
450 silly gunzTarPerm extractEntry locale/sq.js
451 silly gunzTarPerm extractEntry locale/cy.js
452 silly gunzTarPerm extractEntry locale/sr-cyrl.js
453 silly gunzTarPerm extractEntry locale/cv.js
454 silly gunzTarPerm extractEntry locale/sr.js
455 silly gunzTarPerm extractEntry locale/cs.js
456 silly gunzTarPerm extractEntry locale/sv.js
457 silly gunzTarPerm extractEntry locale/ca.js
458 silly gunzTarPerm extractEntry locale/ta.js
459 silly gunzTarPerm extractEntry locale/bs.js
460 silly gunzTarPerm extractEntry locale/th.js
461 silly gunzTarPerm extractEntry locale/br.js
462 silly gunzTarPerm extractEntry locale/tl-ph.js
463 silly gunzTarPerm extractEntry locale/bo.js
464 silly gunzTarPerm extractEntry locale/tr.js
465 silly gunzTarPerm extractEntry locale/bn.js
466 silly gunzTarPerm extractEntry locale/tzm-latn.js
467 silly gunzTarPerm extractEntry locale/bg.js
468 silly gunzTarPerm extractEntry locale/tzm.js
469 silly gunzTarPerm extractEntry locale/be.js
470 silly gunzTarPerm extractEntry locale/uk.js
471 silly gunzTarPerm extractEntry locale/az.js
472 silly gunzTarPerm extractEntry locale/uz.js
473 silly gunzTarPerm extractEntry locale/ar.js
474 silly gunzTarPerm extractEntry locale/vi.js
475 silly gunzTarPerm extractEntry locale/ar-sa.js
476 silly gunzTarPerm extractEntry locale/zh-cn.js
477 silly gunzTarPerm extractEntry locale/ar-ma.js
478 silly gunzTarPerm extractEntry locale/zh-tw.js
479 silly gunzTarPerm extractEntry locale/it.js
480 silly gunzTarPerm extractEntry min/locales.js
481 silly gunzTarPerm extractEntry min/locales.min.js
482 silly gunzTarPerm extractEntry min/moment-with-locales.js
483 silly gunzTarPerm extractEntry min/moment-with-locales.min.js
484 silly gunzTarPerm extractEntry min/moment.min.js
485 silly lockFile 2b96bb11-modules-good-node-modules-moment tar:///Users/Melanie/Documents/Code/blackjack/node_modules/good/node_modules/moment
486 silly lockFile 2b96bb11-modules-good-node-modules-moment tar:///Users/Melanie/Documents/Code/blackjack/node_modules/good/node_modules/moment
487 silly lockFile db47dc9c-nie-npm-moment-2-8-4-package-tgz tar:///Users/Melanie/.npm/moment/2.8.4/package.tgz
488 silly lockFile db47dc9c-nie-npm-moment-2-8-4-package-tgz tar:///Users/Melanie/.npm/moment/2.8.4/package.tgz
489 info preinstall moment@2.8.4
490 verbose readDependencies using package.json deps
491 verbose readDependencies using package.json deps
492 silly resolved []
493 verbose about to build /Users/Melanie/Documents/Code/blackjack/node_modules/good/node_modules/moment
494 info build /Users/Melanie/Documents/Code/blackjack/node_modules/good/node_modules/moment
495 verbose linkStuff [ false,
495 verbose linkStuff   false,
495 verbose linkStuff   false,
495 verbose linkStuff   '/Users/Melanie/Documents/Code/blackjack/node_modules/good/node_modules' ]
496 info linkStuff moment@2.8.4
497 verbose linkBins moment@2.8.4
498 verbose linkMans moment@2.8.4
499 verbose rebuildBundles moment@2.8.4
500 info install moment@2.8.4
501 info postinstall moment@2.8.4
502 verbose about to build /Users/Melanie/Documents/Code/blackjack/node_modules/good
503 info build /Users/Melanie/Documents/Code/blackjack/node_modules/good
504 verbose linkStuff [ false,
504 verbose linkStuff   false,
504 verbose linkStuff   false,
504 verbose linkStuff   '/Users/Melanie/Documents/Code/blackjack/node_modules' ]
505 info linkStuff good@4.0.1
506 verbose linkBins good@4.0.1
507 verbose linkMans good@4.0.1
508 verbose rebuildBundles good@4.0.1
509 verbose rebuildBundles [ 'async',
509 verbose rebuildBundles   'good-reporter',
509 verbose rebuildBundles   'hoek',
509 verbose rebuildBundles   'json-stringify-safe',
509 verbose rebuildBundles   'moment' ]
510 info install good@4.0.1
511 info postinstall good@4.0.1
512 verbose readDependencies using package.json deps
513 verbose already installed skipping hapi@>=2.x.x && <= 7.x.x /Users/Melanie/Documents/Code/blackjack
514 silly resolved []
515 error peerinvalid The package hapi does not satisfy its siblings' peerDependencies requirements!
515 error peerinvalid Peer hapi-auth-cookie@1.4.1 wants hapi@>=2.x.x
515 error peerinvalid Peer lout@5.2.0 wants hapi@6.x.x - 7.x.x
515 error peerinvalid Peer good@4.0.1 wants hapi@>=2.x.x && <= 7.x.x
516 error System Darwin 14.0.0
517 error command "/usr/local/node/bin/node" "/usr/local/node/bin/npm" "install" "good" "--save"
518 error cwd /Users/Melanie/Documents/Code/blackjack
519 error node -v v0.10.32
520 error npm -v 1.4.28
521 error code EPEERINVALID
522 verbose exit [ 1, true ]
